Jul-12 10:23:52.028 [main] DEBUG nextflow.cli.Launcher - $> nextflow run /Users/timbarry/research_code//undercover-grna-pipeline/main.nf --data_method_pair_file /Users/timbarry/research_code//sceptre2-manuscript/param_files/data_method_pair_file.groovy --result_dir /Users/timbarry/research_offsite/projects/sceptre2/results/undercover_grna_analysis --result_file_name result_test.rds --grna_modality assignment --group_size 1 --is_group_size_frac false --partition_count 1 --is_partition_count_frac false --machine_name local --time 07121023 --max_retries 2
Jul-12 10:23:52.127 [main] INFO  nextflow.cli.CmdRun - N E X T F L O W  ~  version 22.04.3
Jul-12 10:23:52.154 [main] DEBUG nextflow.config.ConfigBuilder - Found config home: /Users/timbarry/.nextflow/config
Jul-12 10:23:52.154 [main] DEBUG nextflow.config.ConfigBuilder - Found config base: /Users/timbarry/research_code/undercover-grna-pipeline/nextflow.config
Jul-12 10:23:52.158 [main] DEBUG nextflow.config.ConfigBuilder - Parsing config file: /Users/timbarry/.nextflow/config
Jul-12 10:23:52.158 [main] DEBUG nextflow.config.ConfigBuilder - Parsing config file: /Users/timbarry/research_code/undercover-grna-pipeline/nextflow.config
Jul-12 10:23:52.190 [main] DEBUG nextflow.config.ConfigBuilder - Applying config profile: `standard`
Jul-12 10:23:52.951 [main] DEBUG nextflow.config.ConfigBuilder - Applying config profile: `standard`
Jul-12 10:23:53.003 [main] DEBUG nextflow.cli.CmdRun - Applied DSL=1 by probing script field
Jul-12 10:23:53.030 [main] INFO  nextflow.cli.CmdRun - Launching `/Users/timbarry/research_code/undercover-grna-pipeline/main.nf` [tiny_legentil] DSL1 - revision: 81c2667384
Jul-12 10:23:53.048 [main] DEBUG nextflow.plugin.PluginsFacade - Setting up plugin manager > mode=prod; plugins-dir=/Users/timbarry/.nextflow/plugins; core-plugins: nf-amazon@1.7.2,nf-azure@0.13.2,nf-console@1.0.3,nf-ga4gh@1.0.3,nf-google@1.1.4,nf-sqldb@0.4.0,nf-tower@1.4.0
Jul-12 10:23:53.051 [main] DEBUG nextflow.plugin.PluginsFacade - Plugins default=[]
Jul-12 10:23:53.064 [main] INFO  org.pf4j.DefaultPluginStatusProvider - Enabled plugins: []
Jul-12 10:23:53.066 [main] INFO  org.pf4j.DefaultPluginStatusProvider - Disabled plugins: []
Jul-12 10:23:53.071 [main] INFO  org.pf4j.DefaultPluginManager - PF4J version 3.4.1 in 'deployment' mode
Jul-12 10:23:53.080 [main] INFO  org.pf4j.AbstractPluginManager - No plugins
Jul-12 10:23:53.165 [main] DEBUG nextflow.Session - Session uuid: 03bf145d-a0c6-4e9e-ba4b-40fc086dffc8
Jul-12 10:23:53.165 [main] DEBUG nextflow.Session - Run name: tiny_legentil
Jul-12 10:23:53.166 [main] DEBUG nextflow.Session - Executor pool size: 8
Jul-12 10:23:53.214 [main] DEBUG nextflow.cli.CmdRun - 
  Version: 22.04.3 build 5703
  Created: 18-05-2022 19:22 UTC (15:22 EDT)
  System: Mac OS X 10.16
  Runtime: Groovy 3.0.10 on OpenJDK 64-Bit Server VM 1.8.0_242-b08
  Encoding: UTF-8 (UTF-8)
  Process: 88368@vpn-users-016-112.wharton.private.upenn.edu [10.150.16.112]
  CPUs: 8 - Mem: 16 GB (4.6 GB) - Swap: 1 GB (900 MB)
Jul-12 10:23:53.239 [main] DEBUG nextflow.Session - Work-dir: /Users/timbarry/research_offsite/work [Mac OS X]
Jul-12 10:23:53.267 [main] DEBUG nextflow.executor.ExecutorFactory - Extension executors providers=[]
Jul-12 10:23:53.284 [main] DEBUG nextflow.Session - Observer factory: DefaultObserverFactory
Jul-12 10:23:53.338 [main] DEBUG nextflow.cache.CacheFactory - Using Nextflow cache factory: nextflow.cache.DefaultCacheFactory
Jul-12 10:23:53.360 [main] DEBUG nextflow.util.CustomThreadPool - Creating default thread pool > poolSize: 9; maxThreads: 1000
Jul-12 10:23:53.494 [main] DEBUG nextflow.Session - Session start invoked
Jul-12 10:23:54.060 [main] DEBUG nextflow.script.ScriptRunner - > Launching execution
Jul-12 10:23:54.230 [main] DEBUG nextflow.executor.ExecutorFactory - << taskConfig executor: null
Jul-12 10:23:54.231 [main] DEBUG nextflow.executor.ExecutorFactory - >> processorType: 'local'
Jul-12 10:23:54.238 [main] DEBUG nextflow.executor.Executor - [warm up] executor > local
Jul-12 10:23:54.247 [main] DEBUG n.processor.LocalPollingMonitor - Creating local task monitor for executor 'local' > cpus=8; memory=16 GB; capacity=8; pollInterval=100ms; dumpInterval=5m
Jul-12 10:23:54.365 [main] DEBUG nextflow.Session - Workflow process names [dsl1]: obtain_dataset_ntc_tuples
Jul-12 10:23:54.366 [main] DEBUG nextflow.script.ScriptRunner - > Await termination 
Jul-12 10:23:54.366 [main] DEBUG nextflow.Session - Session await
Jul-12 10:23:54.555 [Task submitter] DEBUG nextflow.executor.LocalTaskHandler - Launch cmd line: /bin/bash -ue .command.run
Jul-12 10:23:54.562 [Task submitter] INFO  nextflow.Session - [b3/1e7719] Submitted process > obtain_dataset_ntc_tuples
Jul-12 10:23:54.625 [Task monitor] DEBUG n.processor.TaskPollingMonitor - Task completed > TaskHandler[id: 1; name: obtain_dataset_ntc_tuples; status: COMPLETED; exit: 0; error: -; workDir: /Users/timbarry/research_offsite/work/b3/1e77190f73840787f99c2b8d5475e9]
Jul-12 10:23:54.635 [main] DEBUG nextflow.Session - Session await > all process finished
Jul-12 10:23:54.636 [main] DEBUG nextflow.Session - Session await > all barriers passed
Jul-12 10:23:54.646 [main] DEBUG nextflow.trace.WorkflowStatsObserver - Workflow completed > WorkflowStats[succeededCount=1; failedCount=0; ignoredCount=0; cachedCount=0; pendingCount=0; submittedCount=0; runningCount=0; retriesCount=0; abortedCount=0; succeedDuration=4ms; failedDuration=0ms; cachedDuration=0ms;loadCpus=0; loadMemory=0; peakRunning=1; peakCpus=1; peakMemory=0; ]
Jul-12 10:23:54.790 [main] DEBUG nextflow.cache.CacheDB - Closing CacheDB done
Jul-12 10:23:54.809 [main] DEBUG nextflow.script.ScriptRunner - > Execution complete -- Goodbye
