Jul-12 14:22:45.827 [main] DEBUG nextflow.cli.Launcher - $> nextflow run /Users/timbarry/research_code/undercover-grna-pipeline/main.nf --data_method_pair_file /Users/timbarry/research_code//sceptre2-manuscript/param_files/data_method_pair_test.groovy --result_dir /Users/timbarry/research_offsite/projects/sceptre2/results/undercover_grna_analysis --result_file_name result_test.rds --grna_modality assignment --group_size 3 --is_group_size_frac false --partition_count 1 --is_partition_count_frac false --machine_name local --time 07121422 --max_retries 2
Jul-12 14:22:45.967 [main] INFO  nextflow.cli.CmdRun - N E X T F L O W  ~  version 22.04.3
Jul-12 14:22:45.987 [main] DEBUG nextflow.config.ConfigBuilder - Found config home: /Users/timbarry/.nextflow/config
Jul-12 14:22:45.988 [main] DEBUG nextflow.config.ConfigBuilder - Found config base: /Users/timbarry/research_code/undercover-grna-pipeline/nextflow.config
Jul-12 14:22:45.990 [main] DEBUG nextflow.config.ConfigBuilder - Parsing config file: /Users/timbarry/.nextflow/config
Jul-12 14:22:45.991 [main] DEBUG nextflow.config.ConfigBuilder - Parsing config file: /Users/timbarry/research_code/undercover-grna-pipeline/nextflow.config
Jul-12 14:22:46.027 [main] DEBUG nextflow.config.ConfigBuilder - Applying config profile: `standard`
Jul-12 14:22:46.834 [main] DEBUG nextflow.config.ConfigBuilder - Applying config profile: `standard`
Jul-12 14:22:46.880 [main] DEBUG nextflow.cli.CmdRun - Applied DSL=1 by probing script field
Jul-12 14:22:46.902 [main] INFO  nextflow.cli.CmdRun - Launching `/Users/timbarry/research_code/undercover-grna-pipeline/main.nf` [intergalactic_lavoisier] DSL1 - revision: ec1aafdcfd
Jul-12 14:22:46.918 [main] DEBUG nextflow.plugin.PluginsFacade - Setting up plugin manager > mode=prod; plugins-dir=/Users/timbarry/.nextflow/plugins; core-plugins: nf-amazon@1.7.2,nf-azure@0.13.2,nf-console@1.0.3,nf-ga4gh@1.0.3,nf-google@1.1.4,nf-sqldb@0.4.0,nf-tower@1.4.0
Jul-12 14:22:46.920 [main] DEBUG nextflow.plugin.PluginsFacade - Plugins default=[]
Jul-12 14:22:46.932 [main] INFO  org.pf4j.DefaultPluginStatusProvider - Enabled plugins: []
Jul-12 14:22:46.934 [main] INFO  org.pf4j.DefaultPluginStatusProvider - Disabled plugins: []
Jul-12 14:22:46.938 [main] INFO  org.pf4j.DefaultPluginManager - PF4J version 3.4.1 in 'deployment' mode
Jul-12 14:22:46.953 [main] INFO  org.pf4j.AbstractPluginManager - No plugins
Jul-12 14:22:47.024 [main] DEBUG nextflow.Session - Session uuid: ce6c3e76-08f9-4512-98f3-e357b256b8d3
Jul-12 14:22:47.024 [main] DEBUG nextflow.Session - Run name: intergalactic_lavoisier
Jul-12 14:22:47.025 [main] DEBUG nextflow.Session - Executor pool size: 8
Jul-12 14:22:47.064 [main] DEBUG nextflow.cli.CmdRun - 
  Version: 22.04.3 build 5703
  Created: 18-05-2022 19:22 UTC (15:22 EDT)
  System: Mac OS X 10.16
  Runtime: Groovy 3.0.10 on OpenJDK 64-Bit Server VM 1.8.0_242-b08
  Encoding: UTF-8 (UTF-8)
  Process: 96710@vpn-users-016-103.wharton.private.upenn.edu [10.150.16.103]
  CPUs: 8 - Mem: 16 GB (876.7 MB) - Swap: 1 GB (785.8 MB)
Jul-12 14:22:47.082 [main] DEBUG nextflow.Session - Work-dir: /Users/timbarry/research_offsite/work [Mac OS X]
Jul-12 14:22:47.102 [main] DEBUG nextflow.executor.ExecutorFactory - Extension executors providers=[]
Jul-12 14:22:47.118 [main] DEBUG nextflow.Session - Observer factory: DefaultObserverFactory
Jul-12 14:22:47.177 [main] DEBUG nextflow.cache.CacheFactory - Using Nextflow cache factory: nextflow.cache.DefaultCacheFactory
Jul-12 14:22:47.193 [main] DEBUG nextflow.util.CustomThreadPool - Creating default thread pool > poolSize: 9; maxThreads: 1000
Jul-12 14:22:47.287 [main] DEBUG nextflow.Session - Session start invoked
Jul-12 14:22:48.279 [main] DEBUG nextflow.script.ScriptRunner - > Launching execution
Jul-12 14:22:48.455 [main] DEBUG nextflow.executor.ExecutorFactory - << taskConfig executor: null
Jul-12 14:22:48.455 [main] DEBUG nextflow.executor.ExecutorFactory - >> processorType: 'local'
Jul-12 14:22:48.462 [main] DEBUG nextflow.executor.Executor - [warm up] executor > local
Jul-12 14:22:48.468 [main] DEBUG n.processor.LocalPollingMonitor - Creating local task monitor for executor 'local' > cpus=8; memory=16 GB; capacity=8; pollInterval=100ms; dumpInterval=5m
Jul-12 14:22:48.662 [main] DEBUG nextflow.executor.ExecutorFactory - << taskConfig executor: null
Jul-12 14:22:48.662 [main] DEBUG nextflow.executor.ExecutorFactory - >> processorType: 'local'
Jul-12 14:22:48.692 [main] DEBUG nextflow.executor.ExecutorFactory - << taskConfig executor: null
Jul-12 14:22:48.693 [main] DEBUG nextflow.executor.ExecutorFactory - >> processorType: 'local'
Jul-12 14:22:48.704 [main] DEBUG nextflow.executor.ExecutorFactory - << taskConfig executor: null
Jul-12 14:22:48.705 [main] DEBUG nextflow.executor.ExecutorFactory - >> processorType: 'local'
Jul-12 14:22:48.712 [main] DEBUG nextflow.executor.ExecutorFactory - << taskConfig executor: null
Jul-12 14:22:48.712 [main] DEBUG nextflow.executor.ExecutorFactory - >> processorType: 'local'
Jul-12 14:22:48.733 [main] DEBUG nextflow.Session - Workflow process names [dsl1]: combine_results, get_ram_cpu_info, run_method, append_ram_clock_info, obtain_dataset_ntc_tuples
Jul-12 14:22:48.734 [main] DEBUG nextflow.script.ScriptRunner - > Await termination 
Jul-12 14:22:48.734 [main] DEBUG nextflow.Session - Session await
Jul-12 14:22:48.808 [Task submitter] DEBUG nextflow.executor.LocalTaskHandler - Launch cmd line: /bin/bash -ue .command.run
Jul-12 14:22:48.814 [Task submitter] INFO  nextflow.Session - [f2/8c99a5] Submitted process > obtain_dataset_ntc_tuples
Jul-12 14:22:53.675 [Task monitor] DEBUG n.processor.TaskPollingMonitor - Task completed > TaskHandler[id: 1; name: obtain_dataset_ntc_tuples; status: COMPLETED; exit: 0; error: -; workDir: /Users/timbarry/research_offsite/work/f2/8c99a5dbaaff3363cbbe2a76097b98]
Jul-12 14:22:53.731 [Task submitter] DEBUG nextflow.executor.LocalTaskHandler - Launch cmd line: /bin/bash -ue .command.run
Jul-12 14:22:53.732 [Task submitter] INFO  nextflow.Session - [59/15f0b8] Submitted process > run_method (schraivogel/ground_truth_tapseq/gene+weissman_method+non-targeting-00010,non-targeting-00018,non-targeting-00023)
Jul-12 14:22:53.745 [Task submitter] DEBUG nextflow.executor.LocalTaskHandler - Launch cmd line: /bin/bash -ue .command.run
Jul-12 14:22:53.746 [Task submitter] INFO  nextflow.Session - [cb/0af6ec] Submitted process > run_method (schraivogel/ground_truth_tapseq/gene+permutation_test+non-targeting-00010,non-targeting-00018,non-targeting-00023)
Jul-12 14:22:53.751 [Task submitter] DEBUG nextflow.executor.LocalTaskHandler - Launch cmd line: /bin/bash -ue .command.run
Jul-12 14:22:53.752 [Task submitter] INFO  nextflow.Session - [be/ca379b] Submitted process > run_method (schraivogel/ground_truth_tapseq/gene+nb_regression+non-targeting-00010,non-targeting-00018,non-targeting-00023)
Jul-12 14:22:53.757 [Task submitter] DEBUG nextflow.executor.LocalTaskHandler - Launch cmd line: /bin/bash -ue .command.run
Jul-12 14:22:53.757 [Task submitter] INFO  nextflow.Session - [39/7785a3] Submitted process > run_method (schraivogel/ground_truth_tapseq/gene+seurat_de+non-targeting-00010,non-targeting-00018,non-targeting-00023)
Jul-12 14:22:53.876 [Task submitter] DEBUG nextflow.executor.LocalTaskHandler - Launch cmd line: /bin/bash -ue .command.run
Jul-12 14:22:53.876 [Task submitter] INFO  nextflow.Session - [c7/953a8b] Submitted process > run_method (schraivogel/ground_truth_tapseq/gene+schraivogel_method+non-targeting-00010,non-targeting-00018,non-targeting-00023)
Jul-12 14:22:53.902 [Task submitter] DEBUG nextflow.executor.LocalTaskHandler - Launch cmd line: /bin/bash -ue .command.run
Jul-12 14:22:53.903 [Task submitter] INFO  nextflow.Session - [43/3dabb1] Submitted process > run_method (schraivogel/ground_truth_tapseq/gene+mimosca+non-targeting-00010,non-targeting-00018,non-targeting-00023)
Jul-12 14:22:53.908 [Task submitter] DEBUG nextflow.executor.LocalTaskHandler - Launch cmd line: /bin/bash -ue .command.run
Jul-12 14:22:53.908 [Task submitter] INFO  nextflow.Session - [55/4a7e74] Submitted process > run_method (schraivogel/ground_truth_tapseq/gene+liscovitch_method+non-targeting-00010,non-targeting-00018,non-targeting-00023)
Jul-12 14:23:06.581 [Task monitor] DEBUG n.processor.TaskPollingMonitor - Task completed > TaskHandler[id: 4; name: run_method (schraivogel/ground_truth_tapseq/gene+liscovitch_method+non-targeting-00010,non-targeting-00018,non-targeting-00023); status: COMPLETED; exit: 0; error: -; workDir: /Users/timbarry/research_offsite/work/55/4a7e74444f79a89e63127ee26b169a]
Jul-12 14:23:06.690 [Task monitor] DEBUG n.processor.TaskPollingMonitor - Task completed > TaskHandler[id: 6; name: run_method (schraivogel/ground_truth_tapseq/gene+weissman_method+non-targeting-00010,non-targeting-00018,non-targeting-00023); status: COMPLETED; exit: 0; error: -; workDir: /Users/timbarry/research_offsite/work/59/15f0b8f09cabf5d54331a3d2cc5ac8]
Jul-12 14:23:13.424 [Task monitor] DEBUG n.processor.TaskPollingMonitor - Task completed > TaskHandler[id: 5; name: run_method (schraivogel/ground_truth_tapseq/gene+mimosca+non-targeting-00010,non-targeting-00018,non-targeting-00023); status: COMPLETED; exit: 0; error: -; workDir: /Users/timbarry/research_offsite/work/43/3dabb165b6ff5731b374cadf7857e5]
Jul-12 14:23:15.282 [Task monitor] DEBUG n.processor.TaskPollingMonitor - Task completed > TaskHandler[id: 3; name: run_method (schraivogel/ground_truth_tapseq/gene+seurat_de+non-targeting-00010,non-targeting-00018,non-targeting-00023); status: COMPLETED; exit: 0; error: -; workDir: /Users/timbarry/research_offsite/work/39/7785a3a3395cac9a4dceeb232f2f45]
Jul-12 14:23:39.054 [Task monitor] DEBUG n.processor.TaskPollingMonitor - Task completed > TaskHandler[id: 2; name: run_method (schraivogel/ground_truth_tapseq/gene+schraivogel_method+non-targeting-00010,non-targeting-00018,non-targeting-00023); status: COMPLETED; exit: 0; error: -; workDir: /Users/timbarry/research_offsite/work/c7/953a8b6394e3f3816ea4a50042116b]
Jul-12 14:24:07.914 [Task monitor] DEBUG n.processor.TaskPollingMonitor - Task completed > TaskHandler[id: 8; name: run_method (schraivogel/ground_truth_tapseq/gene+nb_regression+non-targeting-00010,non-targeting-00018,non-targeting-00023); status: COMPLETED; exit: 0; error: -; workDir: /Users/timbarry/research_offsite/work/be/ca379bdc38457ff429997a3c6142a0]
Jul-12 14:24:22.748 [Task monitor] DEBUG n.processor.TaskPollingMonitor - Task completed > TaskHandler[id: 7; name: run_method (schraivogel/ground_truth_tapseq/gene+permutation_test+non-targeting-00010,non-targeting-00018,non-targeting-00023); status: COMPLETED; exit: 0; error: -; workDir: /Users/timbarry/research_offsite/work/cb/0af6ec1f405a93efa7159098607a3b]
Jul-12 14:24:22.785 [Task submitter] DEBUG nextflow.executor.LocalTaskHandler - Launch cmd line: /bin/bash -ue .command.run
Jul-12 14:24:22.785 [Task submitter] INFO  nextflow.Session - [e5/1bec9c] Submitted process > combine_results
Jul-12 14:24:24.020 [Task monitor] DEBUG n.processor.TaskPollingMonitor - Task completed > TaskHandler[id: 9; name: combine_results; status: COMPLETED; exit: 0; error: -; workDir: /Users/timbarry/research_offsite/work/e5/1bec9cffdf064500d46a07a51d03f0]
Jul-12 14:24:24.048 [Task monitor] DEBUG nextflow.util.ThreadPoolBuilder - Creating thread pool 'FileTransfer' minSize=4; maxSize=4; workQueue=LinkedBlockingQueue[10000]; allowCoreThreadTimeout=false
Jul-12 14:24:24.050 [main] DEBUG nextflow.Session - Session await > all process finished
Jul-12 14:24:24.052 [main] DEBUG nextflow.Session - Session await > all barriers passed
Jul-12 14:24:24.063 [main] DEBUG nextflow.trace.WorkflowStatsObserver - Workflow completed > WorkflowStats[succeededCount=9; failedCount=0; ignoredCount=0; cachedCount=0; pendingCount=0; submittedCount=0; runningCount=0; retriesCount=0; abortedCount=0; succeedDuration=4m 40s; failedDuration=0ms; cachedDuration=0ms;loadCpus=0; loadMemory=0; peakRunning=7; peakCpus=7; peakMemory=0; ]
Jul-12 14:24:24.276 [main] DEBUG nextflow.cache.CacheDB - Closing CacheDB done
Jul-12 14:24:24.293 [main] DEBUG nextflow.script.ScriptRunner - > Execution complete -- Goodbye
