Aug-31 11:13:06.357 [main] DEBUG nextflow.cli.Launcher - $> nextflow run pc-grna-pipeline -r main --data_method_pair_file /Users/timbarry/research_code//sceptre2-manuscript/param_files/data_method_pairs_pc.groovy --grna_modality assignment --result_dir /Users/timbarry/research_offsite/projects/sceptre2//results/positive_control_analysis --result_file_name pc_results_extra.rds --trial false -resume
Aug-31 11:13:06.446 [main] INFO  nextflow.cli.CmdRun - N E X T F L O W  ~  version 22.04.3
Aug-31 11:13:07.266 [main] DEBUG nextflow.scm.AssetManager - Listing projects in folder: /Users/timbarry/.nextflow/assets
Aug-31 11:13:07.280 [main] DEBUG nextflow.scm.AssetManager - Project manifest does not exist: /Users/timbarry/.nextflow/assets/Katsevich-Lab/pc-grna-pipeline/nextflow.config (No such file or directory)
Aug-31 11:13:07.283 [main] DEBUG nextflow.scm.AssetManager - Git config: /Users/timbarry/.nextflow/assets/Katsevich-Lab/pc-grna-pipeline/.git/config; branch: master; remote: origin; url: https://github.com/Katsevich-Lab/pc-grna-pipeline.git
Aug-31 11:13:07.297 [main] DEBUG nextflow.scm.AssetManager - Git config: /Users/timbarry/.nextflow/assets/Katsevich-Lab/pc-grna-pipeline/.git/config; branch: master; remote: origin; url: https://github.com/Katsevich-Lab/pc-grna-pipeline.git
Aug-31 11:13:07.880 [main] DEBUG nextflow.config.ConfigBuilder - Found config home: /Users/timbarry/.nextflow/config
Aug-31 11:13:07.881 [main] DEBUG nextflow.config.ConfigBuilder - Parsing config file: /Users/timbarry/.nextflow/config
Aug-31 11:13:07.893 [main] DEBUG nextflow.config.ConfigBuilder - Applying config profile: `standard`
Aug-31 11:13:07.939 [main] WARN  nextflow.config.ConfigBuilder - It appears you have never run this project before -- Option `-resume` is ignored
Aug-31 11:13:07.961 [main] DEBUG nextflow.cli.CmdRun - Applied DSL=2 by global default
Aug-31 11:13:07.962 [main] INFO  nextflow.cli.CmdRun - Launching `https://github.com/Katsevich-Lab/pc-grna-pipeline` [prickly_mestorf] DSL2 - revision: ce34812b9d [main]
Aug-31 11:13:07.986 [main] DEBUG nextflow.plugin.PluginsFacade - Setting up plugin manager > mode=prod; plugins-dir=/Users/timbarry/.nextflow/plugins; core-plugins: nf-amazon@1.7.2,nf-azure@0.13.2,nf-console@1.0.3,nf-ga4gh@1.0.3,nf-google@1.1.4,nf-sqldb@0.4.0,nf-tower@1.4.0
Aug-31 11:13:07.990 [main] DEBUG nextflow.plugin.PluginsFacade - Plugins default=[]
Aug-31 11:13:08.007 [main] INFO  org.pf4j.DefaultPluginStatusProvider - Enabled plugins: []
Aug-31 11:13:08.008 [main] INFO  org.pf4j.DefaultPluginStatusProvider - Disabled plugins: []
Aug-31 11:13:08.012 [main] INFO  org.pf4j.DefaultPluginManager - PF4J version 3.4.1 in 'deployment' mode
Aug-31 11:13:08.020 [main] INFO  org.pf4j.AbstractPluginManager - No plugins
Aug-31 11:13:08.102 [main] DEBUG nextflow.Session - Session uuid: 4cc31b23-8a78-4f88-9d7e-ee28cdcd5fb2
Aug-31 11:13:08.103 [main] DEBUG nextflow.Session - Run name: prickly_mestorf
Aug-31 11:13:08.103 [main] DEBUG nextflow.Session - Executor pool size: 8
Aug-31 11:13:08.132 [main] DEBUG nextflow.cli.CmdRun - 
  Version: 22.04.3 build 5703
  Created: 18-05-2022 19:22 UTC (15:22 EDT)
  System: Mac OS X 10.16
  Runtime: Groovy 3.0.10 on OpenJDK 64-Bit Server VM 1.8.0_242-b08
  Encoding: UTF-8 (UTF-8)
  Process: 60626@tims-mbp-2021.wifi.local.cmu.edu [172.26.43.120]
  CPUs: 8 - Mem: 16 GB (5 GB) - Swap: 2 GB (1.5 GB)
Aug-31 11:13:08.147 [main] DEBUG nextflow.Session - Work-dir: /Users/timbarry/research_offsite/work [Mac OS X]
Aug-31 11:13:08.169 [main] DEBUG nextflow.executor.ExecutorFactory - Extension executors providers=[]
Aug-31 11:13:08.186 [main] DEBUG nextflow.Session - Observer factory: DefaultObserverFactory
Aug-31 11:13:08.254 [main] DEBUG nextflow.cache.CacheFactory - Using Nextflow cache factory: nextflow.cache.DefaultCacheFactory
Aug-31 11:13:08.275 [main] DEBUG nextflow.util.CustomThreadPool - Creating default thread pool > poolSize: 9; maxThreads: 1000
Aug-31 11:13:08.396 [main] DEBUG nextflow.Session - Session start invoked
Aug-31 11:13:09.133 [main] DEBUG nextflow.script.ScriptRunner - > Launching execution
Aug-31 11:13:09.309 [main] DEBUG nextflow.executor.ExecutorFactory - << taskConfig executor: null
Aug-31 11:13:09.309 [main] DEBUG nextflow.executor.ExecutorFactory - >> processorType: 'local'
Aug-31 11:13:09.316 [main] DEBUG nextflow.executor.Executor - [warm up] executor > local
Aug-31 11:13:09.325 [main] DEBUG n.processor.LocalPollingMonitor - Creating local task monitor for executor 'local' > cpus=8; memory=16 GB; capacity=8; pollInterval=100ms; dumpInterval=5m
Aug-31 11:13:09.532 [main] DEBUG nextflow.executor.ExecutorFactory - << taskConfig executor: null
Aug-31 11:13:09.532 [main] DEBUG nextflow.executor.ExecutorFactory - >> processorType: 'local'
Aug-31 11:13:09.554 [main] DEBUG nextflow.executor.ExecutorFactory - << taskConfig executor: null
Aug-31 11:13:09.554 [main] DEBUG nextflow.executor.ExecutorFactory - >> processorType: 'local'
Aug-31 11:13:09.559 [main] DEBUG nextflow.Session - Workflow process names [dsl2]: combine_results, run_method, obtain_pc_pairs
Aug-31 11:13:09.559 [main] DEBUG nextflow.Session - Ignite dataflow network (5)
Aug-31 11:13:09.560 [main] DEBUG nextflow.processor.TaskProcessor - Starting process > obtain_pc_pairs
Aug-31 11:13:09.561 [main] DEBUG nextflow.processor.TaskProcessor - Starting process > run_method
Aug-31 11:13:09.562 [main] DEBUG nextflow.processor.TaskProcessor - Starting process > combine_results
Aug-31 11:13:09.562 [main] DEBUG nextflow.script.ScriptRunner - > Await termination 
Aug-31 11:13:09.562 [main] DEBUG nextflow.Session - Session await
Aug-31 11:13:09.638 [Actor Thread 5] DEBUG nextflow.util.CacheHelper - Hash asset file sha-256: /Users/timbarry/.nextflow/assets/Katsevich-Lab/pc-grna-pipeline/bin/get_pc_pairs.R
Aug-31 11:13:09.723 [Task submitter] DEBUG nextflow.executor.LocalTaskHandler - Launch cmd line: /bin/bash -ue .command.run
Aug-31 11:13:09.730 [Task submitter] INFO  nextflow.Session - [67/e6a0a8] Submitted process > obtain_pc_pairs
Aug-31 11:13:10.163 [Task monitor] DEBUG n.processor.TaskPollingMonitor - Task completed > TaskHandler[id: 1; name: obtain_pc_pairs; status: COMPLETED; exit: 0; error: -; workDir: /Users/timbarry/research_offsite/work/67/e6a0a871b9c3a7cf2bfb8b3ffeb6a0]
Aug-31 11:13:10.253 [Actor Thread 1] DEBUG nextflow.util.CacheHelper - Hash asset file sha-256: /Users/timbarry/.nextflow/assets/Katsevich-Lab/pc-grna-pipeline/bin/run_method.R
Aug-31 11:13:10.287 [Task submitter] DEBUG nextflow.processor.TaskRun - Unable to dump error of process 'run_method (frangieh/co_culture/gene+mimosca)' -- Cause: java.nio.file.NoSuchFileException: /Users/timbarry/research_offsite/work/a3/b47471ff3c4f10f612f3f11c2e8a0c/.command.log
Aug-31 11:13:10.293 [Task submitter] ERROR nextflow.processor.TaskProcessor - Error executing process > 'run_method (frangieh/co_culture/gene+mimosca)'

Caused by:
  Process requirement exceed available memory -- req: 35 GB; avail: 16 GB

Command executed:

  run_method.R frangieh/co_culture/gene 2 mimosca assignment false n_rep=50

Command exit status:
  -

Command output:
  (empty)

Work dir:
  /Users/timbarry/research_offsite/work/a3/b47471ff3c4f10f612f3f11c2e8a0c

Tip: when you have fixed the problem you can continue the execution adding the option `-resume` to the run command line
Aug-31 11:13:10.306 [Task submitter] DEBUG nextflow.Session - Session aborted -- Cause: Process requirement exceed available memory -- req: 35 GB; avail: 16 GB
Aug-31 11:13:10.340 [Task submitter] DEBUG nextflow.Session - The following nodes are still active:
[process] run_method
  status=ACTIVE
  port 0: (queue) OPEN  ; channel: -
  port 1: (cntrl) -     ; channel: $

[process] combine_results
  status=ACTIVE
  port 0: (value) OPEN  ; channel: raw_result
  port 1: (cntrl) -     ; channel: $

Aug-31 11:13:10.343 [main] DEBUG nextflow.Session - Session await > all process finished
Aug-31 11:13:10.343 [main] DEBUG nextflow.Session - Session await > all barriers passed
Aug-31 11:13:10.355 [main] DEBUG nextflow.trace.WorkflowStatsObserver - Workflow completed > WorkflowStats[succeededCount=1; failedCount=0; ignoredCount=0; cachedCount=0; pendingCount=27; submittedCount=0; runningCount=0; retriesCount=0; abortedCount=0; succeedDuration=419ms; failedDuration=0ms; cachedDuration=0ms;loadCpus=0; loadMemory=0; peakRunning=1; peakCpus=1; peakMemory=2 GB; ]
Aug-31 11:13:10.518 [main] DEBUG nextflow.cache.CacheDB - Closing CacheDB done
Aug-31 11:13:10.539 [main] DEBUG nextflow.script.ScriptRunner - > Execution complete -- Goodbye
