Aug-31 12:41:28.394 [main] DEBUG nextflow.cli.Launcher - $> nextflow run Katsevich-Lab/undercover-grna-pipeline -r main --data_method_pair_file /Users/timbarry/research_code//sceptre2-manuscript/param_files/sceptre_debug.groovy --result_dir /Users/timbarry/research_offsite/projects/sceptre2/results/undercover_grna_analysis --result_file_name sceptre_debug.rds --grna_modality assignment --group_size 1 --is_group_size_frac false --partition_count 1 --is_partition_count_frac false --machine_name local --time 08311241 --genes_to_subsample 5 -profile standard
Aug-31 12:41:28.518 [main] INFO  nextflow.cli.CmdRun - N E X T F L O W  ~  version 22.04.3
Aug-31 12:41:29.304 [main] DEBUG nextflow.scm.AssetManager - Git config: /Users/timbarry/.nextflow/assets/Katsevich-Lab/undercover-grna-pipeline/.git/config; branch: master; remote: origin; url: https://github.com/Katsevich-Lab/undercover-gRNA-pipeline.git
Aug-31 12:41:29.318 [main] DEBUG nextflow.scm.AssetManager - Git config: /Users/timbarry/.nextflow/assets/Katsevich-Lab/undercover-grna-pipeline/.git/config; branch: master; remote: origin; url: https://github.com/Katsevich-Lab/undercover-gRNA-pipeline.git
Aug-31 12:41:29.936 [main] DEBUG nextflow.config.ConfigBuilder - Found config home: /Users/timbarry/.nextflow/config
Aug-31 12:41:29.936 [main] DEBUG nextflow.config.ConfigBuilder - Found config base: /Users/timbarry/.nextflow/assets/Katsevich-Lab/undercover-grna-pipeline/nextflow.config
Aug-31 12:41:29.937 [main] DEBUG nextflow.config.ConfigBuilder - Parsing config file: /Users/timbarry/.nextflow/config
Aug-31 12:41:29.937 [main] DEBUG nextflow.config.ConfigBuilder - Parsing config file: /Users/timbarry/.nextflow/assets/Katsevich-Lab/undercover-grna-pipeline/nextflow.config
Aug-31 12:41:29.947 [main] DEBUG nextflow.config.ConfigBuilder - Applying config profile: `standard`
Aug-31 12:41:29.987 [main] DEBUG nextflow.config.ConfigBuilder - Applying config profile: `standard`
Aug-31 12:41:30.033 [main] DEBUG nextflow.cli.CmdRun - Applied DSL=1 by probing script field
Aug-31 12:41:30.034 [main] INFO  nextflow.cli.CmdRun - Launching `https://github.com/Katsevich-Lab/undercover-grna-pipeline` [grave_engelbart] DSL1 - revision: 1b0181b22b [main]
Aug-31 12:41:30.047 [main] DEBUG nextflow.plugin.PluginsFacade - Setting up plugin manager > mode=prod; plugins-dir=/Users/timbarry/.nextflow/plugins; core-plugins: nf-amazon@1.7.2,nf-azure@0.13.2,nf-console@1.0.3,nf-ga4gh@1.0.3,nf-google@1.1.4,nf-sqldb@0.4.0,nf-tower@1.4.0
Aug-31 12:41:30.048 [main] DEBUG nextflow.plugin.PluginsFacade - Plugins default=[]
Aug-31 12:41:30.060 [main] INFO  org.pf4j.DefaultPluginStatusProvider - Enabled plugins: []
Aug-31 12:41:30.062 [main] INFO  org.pf4j.DefaultPluginStatusProvider - Disabled plugins: []
Aug-31 12:41:30.066 [main] INFO  org.pf4j.DefaultPluginManager - PF4J version 3.4.1 in 'deployment' mode
Aug-31 12:41:30.076 [main] INFO  org.pf4j.AbstractPluginManager - No plugins
Aug-31 12:41:30.146 [main] DEBUG nextflow.Session - Session uuid: 8e722d0e-5b4d-4cd2-9f85-10bdb3fc8dd3
Aug-31 12:41:30.146 [main] DEBUG nextflow.Session - Run name: grave_engelbart
Aug-31 12:41:30.147 [main] DEBUG nextflow.Session - Executor pool size: 8
Aug-31 12:41:30.180 [main] DEBUG nextflow.cli.CmdRun - 
  Version: 22.04.3 build 5703
  Created: 18-05-2022 19:22 UTC (15:22 EDT)
  System: Mac OS X 10.16
  Runtime: Groovy 3.0.10 on OpenJDK 64-Bit Server VM 1.8.0_242-b08
  Encoding: UTF-8 (UTF-8)
  Process: 66015@tims-mbp-2021.wifi.local.cmu.edu [172.26.43.120]
  CPUs: 8 - Mem: 16 GB (5.2 GB) - Swap: 2 GB (1.4 GB)
Aug-31 12:41:30.198 [main] DEBUG nextflow.Session - Work-dir: /Users/timbarry/research_offsite/work [Mac OS X]
Aug-31 12:41:30.217 [main] DEBUG nextflow.executor.ExecutorFactory - Extension executors providers=[]
Aug-31 12:41:30.231 [main] DEBUG nextflow.Session - Observer factory: DefaultObserverFactory
Aug-31 12:41:30.286 [main] DEBUG nextflow.cache.CacheFactory - Using Nextflow cache factory: nextflow.cache.DefaultCacheFactory
Aug-31 12:41:30.298 [main] DEBUG nextflow.util.CustomThreadPool - Creating default thread pool > poolSize: 9; maxThreads: 1000
Aug-31 12:41:30.371 [main] DEBUG nextflow.Session - Session start invoked
Aug-31 12:41:31.124 [main] DEBUG nextflow.script.ScriptRunner - > Launching execution
Aug-31 12:41:31.259 [main] DEBUG nextflow.executor.ExecutorFactory - << taskConfig executor: null
Aug-31 12:41:31.260 [main] DEBUG nextflow.executor.ExecutorFactory - >> processorType: 'local'
Aug-31 12:41:31.266 [main] DEBUG nextflow.executor.Executor - [warm up] executor > local
Aug-31 12:41:31.272 [main] DEBUG n.processor.LocalPollingMonitor - Creating local task monitor for executor 'local' > cpus=8; memory=16 GB; capacity=8; pollInterval=100ms; dumpInterval=5m
Aug-31 12:41:31.431 [main] DEBUG nextflow.executor.ExecutorFactory - << taskConfig executor: null
Aug-31 12:41:31.431 [main] DEBUG nextflow.executor.ExecutorFactory - >> processorType: 'local'
Aug-31 12:41:31.461 [main] DEBUG nextflow.executor.ExecutorFactory - << taskConfig executor: null
Aug-31 12:41:31.461 [main] DEBUG nextflow.executor.ExecutorFactory - >> processorType: 'local'
Aug-31 12:41:31.468 [main] DEBUG nextflow.Session - Workflow process names [dsl1]: combine_results, run_method, obtain_dataset_ntc_tuples
Aug-31 12:41:31.468 [main] DEBUG nextflow.script.ScriptRunner - > Await termination 
Aug-31 12:41:31.469 [main] DEBUG nextflow.Session - Session await
Aug-31 12:41:31.481 [Actor Thread 3] DEBUG nextflow.util.CacheHelper - Hash asset file sha-256: /Users/timbarry/.nextflow/assets/Katsevich-Lab/undercover-grna-pipeline/bin/get_dataset_ntc_tuples.R
Aug-31 12:41:31.556 [Task submitter] DEBUG nextflow.executor.LocalTaskHandler - Launch cmd line: /bin/bash -ue .command.run
Aug-31 12:41:31.560 [Task submitter] INFO  nextflow.Session - [07/0f1c01] Submitted process > obtain_dataset_ntc_tuples
Aug-31 12:41:36.090 [Task monitor] DEBUG n.processor.TaskPollingMonitor - Task completed > TaskHandler[id: 1; name: obtain_dataset_ntc_tuples; status: COMPLETED; exit: 0; error: -; workDir: /Users/timbarry/research_offsite/work/07/0f1c012d0838d2c965d9cefcfcbd17]
Aug-31 12:41:36.133 [Actor Thread 9] DEBUG nextflow.util.CacheHelper - Hash asset file sha-256: /Users/timbarry/.nextflow/assets/Katsevich-Lab/undercover-grna-pipeline/bin/run_method.R
Aug-31 12:41:36.141 [Task submitter] DEBUG nextflow.executor.LocalTaskHandler - Launch cmd line: /bin/bash -ue .command.run
Aug-31 12:41:36.141 [Task submitter] INFO  nextflow.Session - [70/3c67b0] Submitted process > run_method (schraivogel/enhancer_screen_chr11/gene+sceptre)
Aug-31 12:41:36.163 [Task submitter] DEBUG nextflow.executor.LocalTaskHandler - Launch cmd line: /bin/bash -ue .command.run
Aug-31 12:41:36.163 [Task submitter] INFO  nextflow.Session - [02/6fc54d] Submitted process > run_method (frangieh/co_culture/gene+sceptre)
Aug-31 12:41:36.169 [Task submitter] DEBUG nextflow.executor.LocalTaskHandler - Launch cmd line: /bin/bash -ue .command.run
Aug-31 12:41:36.170 [Task submitter] INFO  nextflow.Session - [3d/e38dd7] Submitted process > run_method (frangieh/control/gene+sceptre)
Aug-31 12:42:06.604 [Task monitor] DEBUG n.processor.TaskPollingMonitor - Task completed > TaskHandler[id: 3; name: run_method (frangieh/control/gene+sceptre); status: COMPLETED; exit: 0; error: -; workDir: /Users/timbarry/research_offsite/work/3d/e38dd7d5b7dacf7c003b0e0299769b]
Aug-31 12:42:06.608 [Task submitter] DEBUG nextflow.executor.LocalTaskHandler - Launch cmd line: /bin/bash -ue .command.run
Aug-31 12:42:06.609 [Task submitter] INFO  nextflow.Session - [60/ee3d24] Submitted process > run_method (papalexi/eccite_screen/protein+sceptre)
Aug-31 12:42:12.963 [Task monitor] DEBUG n.processor.TaskPollingMonitor - Task completed > TaskHandler[id: 2; name: run_method (frangieh/co_culture/gene+sceptre); status: COMPLETED; exit: 0; error: -; workDir: /Users/timbarry/research_offsite/work/02/6fc54dcd210d07bca7112ed4ad891f]
Aug-31 12:42:12.967 [Task submitter] DEBUG nextflow.executor.LocalTaskHandler - Launch cmd line: /bin/bash -ue .command.run
Aug-31 12:42:12.968 [Task submitter] INFO  nextflow.Session - [02/1a4e67] Submitted process > run_method (schraivogel/enhancer_screen_chr8/gene+sceptre)
Aug-31 12:42:13.756 [Task monitor] DEBUG n.processor.TaskPollingMonitor - Task completed > TaskHandler[id: 7; name: run_method (schraivogel/enhancer_screen_chr11/gene+sceptre); status: COMPLETED; exit: 0; error: -; workDir: /Users/timbarry/research_offsite/work/70/3c67b05a165c6b381e0cbc8a320060]
Aug-31 12:42:13.760 [Task submitter] DEBUG nextflow.executor.LocalTaskHandler - Launch cmd line: /bin/bash -ue .command.run
Aug-31 12:42:13.760 [Task submitter] INFO  nextflow.Session - [22/a5ec61] Submitted process > run_method (papalexi/eccite_screen/gene+sceptre)
Aug-31 12:42:39.498 [Task monitor] DEBUG n.processor.TaskPollingMonitor - Task completed > TaskHandler[id: 6; name: run_method (papalexi/eccite_screen/protein+sceptre); status: COMPLETED; exit: 0; error: -; workDir: /Users/timbarry/research_offsite/work/60/ee3d24fa5367cc393940ef97c7ebc4]
Aug-31 12:42:39.503 [Task submitter] DEBUG nextflow.executor.LocalTaskHandler - Launch cmd line: /bin/bash -ue .command.run
Aug-31 12:42:39.503 [Task submitter] INFO  nextflow.Session - [73/6d75cc] Submitted process > run_method (frangieh/ifn_gamma/gene+sceptre)
Aug-31 12:42:45.171 [Task monitor] DEBUG n.processor.TaskPollingMonitor - Task completed > TaskHandler[id: 8; name: run_method (schraivogel/enhancer_screen_chr8/gene+sceptre); status: COMPLETED; exit: 0; error: -; workDir: /Users/timbarry/research_offsite/work/02/1a4e672c708bb8afb67f0be0408334]
Aug-31 12:42:45.174 [Task submitter] DEBUG nextflow.executor.LocalTaskHandler - Launch cmd line: /bin/bash -ue .command.run
Aug-31 12:42:45.174 [Task submitter] INFO  nextflow.Session - [ac/60919f] Submitted process > run_method (schraivogel/ground_truth_perturbseq/gene+sceptre)
Aug-31 12:42:52.697 [Task monitor] DEBUG n.processor.TaskPollingMonitor - Task completed > TaskHandler[id: 5; name: run_method (papalexi/eccite_screen/gene+sceptre); status: COMPLETED; exit: 0; error: -; workDir: /Users/timbarry/research_offsite/work/22/a5ec613a752222ab945f4e5417df1d]
Aug-31 12:42:52.700 [Task submitter] DEBUG nextflow.executor.LocalTaskHandler - Launch cmd line: /bin/bash -ue .command.run
Aug-31 12:42:52.700 [Task submitter] INFO  nextflow.Session - [f2/158aae] Submitted process > run_method (schraivogel/ground_truth_tapseq/gene+sceptre)
Aug-31 12:43:14.257 [Task monitor] DEBUG n.processor.TaskPollingMonitor - Task completed > TaskHandler[id: 4; name: run_method (frangieh/ifn_gamma/gene+sceptre); status: COMPLETED; exit: 0; error: -; workDir: /Users/timbarry/research_offsite/work/73/6d75cc5cda13e5b407915b2202893b]
Aug-31 12:43:14.260 [Task submitter] DEBUG nextflow.executor.LocalTaskHandler - Launch cmd line: /bin/bash -ue .command.run
Aug-31 12:43:14.261 [Task submitter] INFO  nextflow.Session - [b5/749929] Submitted process > run_method (simulated/experiment_1/gene+sceptre)
Aug-31 12:43:28.267 [Task monitor] DEBUG n.processor.TaskPollingMonitor - Task completed > TaskHandler[id: 10; name: run_method (schraivogel/ground_truth_tapseq/gene+sceptre); status: COMPLETED; exit: 0; error: -; workDir: /Users/timbarry/research_offsite/work/f2/158aae9edf741b16ce82b171ebf792]
Aug-31 12:43:41.372 [Task monitor] DEBUG n.processor.TaskPollingMonitor - Task completed > TaskHandler[id: 9; name: run_method (schraivogel/ground_truth_perturbseq/gene+sceptre); status: COMPLETED; exit: 0; error: -; workDir: /Users/timbarry/research_offsite/work/ac/60919f79d8dc8fe8870e4a44f99d34]
Aug-31 12:44:26.002 [Task monitor] DEBUG n.processor.TaskPollingMonitor - Task completed > TaskHandler[id: 11; name: run_method (simulated/experiment_1/gene+sceptre); status: COMPLETED; exit: 0; error: -; workDir: /Users/timbarry/research_offsite/work/b5/74992911e07a4f0c7648af0b480884]
Aug-31 12:44:26.051 [Actor Thread 1] DEBUG nextflow.util.CacheHelper - Hash asset file sha-256: /Users/timbarry/.nextflow/assets/Katsevich-Lab/undercover-grna-pipeline/bin/collect_results.R
Aug-31 12:44:26.059 [Task submitter] DEBUG nextflow.executor.LocalTaskHandler - Launch cmd line: /bin/bash -ue .command.run
Aug-31 12:44:26.059 [Task submitter] INFO  nextflow.Session - [53/d020ca] Submitted process > combine_results
Aug-31 12:44:26.849 [Task monitor] DEBUG n.processor.TaskPollingMonitor - Task completed > TaskHandler[id: 12; name: combine_results; status: COMPLETED; exit: 0; error: -; workDir: /Users/timbarry/research_offsite/work/53/d020ca27d548bcc94b6d74cd67c47a]
Aug-31 12:44:26.879 [Task monitor] DEBUG nextflow.util.ThreadPoolBuilder - Creating thread pool 'FileTransfer' minSize=4; maxSize=4; workQueue=LinkedBlockingQueue[10000]; allowCoreThreadTimeout=false
Aug-31 12:44:26.881 [main] DEBUG nextflow.Session - Session await > all process finished
Aug-31 12:44:26.883 [main] DEBUG nextflow.Session - Session await > all barriers passed
Aug-31 12:44:26.893 [main] DEBUG nextflow.trace.WorkflowStatsObserver - Workflow completed > WorkflowStats[succeededCount=12; failedCount=0; ignoredCount=0; cachedCount=0; pendingCount=0; submittedCount=0; runningCount=0; retriesCount=0; abortedCount=0; succeedDuration=6m 52s; failedDuration=0ms; cachedDuration=0ms;loadCpus=0; loadMemory=0; peakRunning=3; peakCpus=3; peakMemory=15 GB; ]
Aug-31 12:44:27.008 [main] DEBUG nextflow.cache.CacheDB - Closing CacheDB done
Aug-31 12:44:27.017 [main] DEBUG nextflow.script.ScriptRunner - > Execution complete -- Goodbye
