Nov-27 19:55:14.896 [main] DEBUG nextflow.cli.Launcher - $> nextflow run Katsevich-Lab/undercover-grna-pipeline -r main --data_method_pair_file /Users/timbarry/research_code//sceptre2-manuscript/param_files/params_undercover.groovy --result_dir /Users/timbarry/research_offsite/projects/sceptre2/results/undercover_grna_analysis --result_file_name undercover_result_grp_2.rds --grna_modality assignment --group_size 2 --is_group_size_frac false --partition_count 1 --is_partition_count_frac false -profile standard -with-trace -resume
Nov-27 19:55:15.007 [main] INFO  nextflow.cli.CmdRun - N E X T F L O W  ~  version 22.04.3
Nov-27 19:55:15.796 [main] DEBUG nextflow.scm.AssetManager - Git config: /Users/timbarry/.nextflow/assets/Katsevich-Lab/undercover-grna-pipeline/.git/config; branch: master; remote: origin; url: https://github.com/Katsevich-Lab/undercover-gRNA-pipeline.git
Nov-27 19:55:15.809 [main] DEBUG nextflow.scm.AssetManager - Git config: /Users/timbarry/.nextflow/assets/Katsevich-Lab/undercover-grna-pipeline/.git/config; branch: master; remote: origin; url: https://github.com/Katsevich-Lab/undercover-gRNA-pipeline.git
Nov-27 19:55:16.777 [main] DEBUG nextflow.config.ConfigBuilder - Found config home: /Users/timbarry/.nextflow/config
Nov-27 19:55:16.777 [main] DEBUG nextflow.config.ConfigBuilder - Found config base: /Users/timbarry/.nextflow/assets/Katsevich-Lab/undercover-grna-pipeline/nextflow.config
Nov-27 19:55:16.778 [main] DEBUG nextflow.config.ConfigBuilder - Parsing config file: /Users/timbarry/.nextflow/config
Nov-27 19:55:16.778 [main] DEBUG nextflow.config.ConfigBuilder - Parsing config file: /Users/timbarry/.nextflow/assets/Katsevich-Lab/undercover-grna-pipeline/nextflow.config
Nov-27 19:55:16.790 [main] DEBUG nextflow.config.ConfigBuilder - Applying config profile: `standard`
Nov-27 19:55:16.829 [main] DEBUG nextflow.config.ConfigBuilder - Applying config profile: `standard`
Nov-27 19:55:16.853 [main] WARN  nextflow.config.ConfigBuilder - It appears you have never run this project before -- Option `-resume` is ignored
Nov-27 19:55:16.877 [main] DEBUG nextflow.cli.CmdRun - Applied DSL=1 by probing script field
Nov-27 19:55:16.878 [main] INFO  nextflow.cli.CmdRun - Launching `https://github.com/Katsevich-Lab/undercover-grna-pipeline` [lonely_albattani] DSL1 - revision: 3a6c6231f9 [main]
Nov-27 19:55:16.906 [main] DEBUG nextflow.plugin.PluginsFacade - Setting up plugin manager > mode=prod; plugins-dir=/Users/timbarry/.nextflow/plugins; core-plugins: nf-amazon@1.7.2,nf-azure@0.13.2,nf-console@1.0.3,nf-ga4gh@1.0.3,nf-google@1.1.4,nf-sqldb@0.4.0,nf-tower@1.4.0
Nov-27 19:55:16.910 [main] DEBUG nextflow.plugin.PluginsFacade - Plugins default=[]
Nov-27 19:55:16.927 [main] INFO  org.pf4j.DefaultPluginStatusProvider - Enabled plugins: []
Nov-27 19:55:16.928 [main] INFO  org.pf4j.DefaultPluginStatusProvider - Disabled plugins: []
Nov-27 19:55:16.933 [main] INFO  org.pf4j.DefaultPluginManager - PF4J version 3.4.1 in 'deployment' mode
Nov-27 19:55:16.943 [main] INFO  org.pf4j.AbstractPluginManager - No plugins
Nov-27 19:55:17.033 [main] DEBUG nextflow.Session - Session uuid: db730f45-f0c0-4c3f-bbc1-4798ff3c7f3a
Nov-27 19:55:17.033 [main] DEBUG nextflow.Session - Run name: lonely_albattani
Nov-27 19:55:17.034 [main] DEBUG nextflow.Session - Executor pool size: 8
Nov-27 19:55:17.088 [main] DEBUG nextflow.cli.CmdRun - 
  Version: 22.04.3 build 5703
  Created: 18-05-2022 19:22 UTC (15:22 EDT)
  System: Mac OS X 10.16
  Runtime: Groovy 3.0.10 on OpenJDK 64-Bit Server VM 1.8.0_242-b08
  Encoding: UTF-8 (UTF-8)
  Process: 57214@tims-mbp-2021.wifi.local.cmu.edu [172.26.49.138]
  CPUs: 8 - Mem: 16 GB (2.7 GB) - Swap: 1 GB (780.5 MB)
Nov-27 19:55:17.105 [main] DEBUG nextflow.Session - Work-dir: /Users/timbarry/research_offsite/work [Mac OS X]
Nov-27 19:55:17.134 [main] DEBUG nextflow.executor.ExecutorFactory - Extension executors providers=[]
Nov-27 19:55:17.152 [main] DEBUG nextflow.Session - Observer factory: DefaultObserverFactory
Nov-27 19:55:17.240 [main] DEBUG nextflow.cache.CacheFactory - Using Nextflow cache factory: nextflow.cache.DefaultCacheFactory
Nov-27 19:55:17.262 [main] DEBUG nextflow.util.CustomThreadPool - Creating default thread pool > poolSize: 9; maxThreads: 1000
Nov-27 19:55:17.397 [main] DEBUG nextflow.Session - Session start invoked
Nov-27 19:55:17.403 [main] DEBUG nextflow.trace.TraceFileObserver - Flow starting -- trace file: /Users/timbarry/research_code/sceptre2-manuscript/pipeline_launch_scripts/undercover/grp_size_2/trace.txt
Nov-27 19:55:18.447 [main] DEBUG nextflow.script.ScriptRunner - > Launching execution
Nov-27 19:55:18.614 [main] DEBUG nextflow.executor.ExecutorFactory - << taskConfig executor: null
Nov-27 19:55:18.615 [main] DEBUG nextflow.executor.ExecutorFactory - >> processorType: 'local'
Nov-27 19:55:18.623 [main] DEBUG nextflow.executor.Executor - [warm up] executor > local
Nov-27 19:55:18.635 [main] DEBUG n.processor.LocalPollingMonitor - Creating local task monitor for executor 'local' > cpus=8; memory=16 GB; capacity=8; pollInterval=100ms; dumpInterval=5m
Nov-27 19:55:18.841 [main] DEBUG nextflow.executor.ExecutorFactory - << taskConfig executor: null
Nov-27 19:55:18.841 [main] DEBUG nextflow.executor.ExecutorFactory - >> processorType: 'local'
Nov-27 19:55:18.873 [main] DEBUG nextflow.executor.ExecutorFactory - << taskConfig executor: null
Nov-27 19:55:18.874 [main] DEBUG nextflow.executor.ExecutorFactory - >> processorType: 'local'
Nov-27 19:55:18.880 [main] DEBUG nextflow.Session - Workflow process names [dsl1]: combine_results, run_method, obtain_dataset_ntc_tuples
Nov-27 19:55:18.881 [main] DEBUG nextflow.script.ScriptRunner - > Await termination 
Nov-27 19:55:18.881 [main] DEBUG nextflow.Session - Session await
Nov-27 19:55:18.900 [Actor Thread 4] DEBUG nextflow.util.CacheHelper - Hash asset file sha-256: /Users/timbarry/.nextflow/assets/Katsevich-Lab/undercover-grna-pipeline/bin/get_dataset_ntc_tuples.R
Nov-27 19:55:18.972 [Task submitter] WARN  nextflow.executor.BashWrapperBuilder - Task runtime metrics are not reported when using macOS without a container engine
Nov-27 19:55:18.992 [Task submitter] DEBUG nextflow.executor.LocalTaskHandler - Launch cmd line: /bin/bash -ue .command.run
Nov-27 19:55:18.997 [Task submitter] INFO  nextflow.Session - [7d/d359b0] Submitted process > obtain_dataset_ntc_tuples
Nov-27 19:55:24.195 [Task monitor] DEBUG n.processor.TaskPollingMonitor - Task completed > TaskHandler[id: 1; name: obtain_dataset_ntc_tuples; status: COMPLETED; exit: 0; error: -; workDir: /Users/timbarry/research_offsite/work/7d/d359b0871bf06decc8e7713b9906e1]
Nov-27 19:55:24.281 [Actor Thread 6] DEBUG nextflow.util.CacheHelper - Hash asset file sha-256: /Users/timbarry/.nextflow/assets/Katsevich-Lab/undercover-grna-pipeline/bin/run_method.R
Nov-27 19:55:24.292 [Task submitter] DEBUG nextflow.executor.LocalTaskHandler - Launch cmd line: /bin/bash -ue .command.run
Nov-27 19:55:24.293 [Task submitter] INFO  nextflow.Session - [5f/d18ce1] Submitted process > run_method (frangieh/co_culture/gene+sceptre)
Nov-27 19:55:24.326 [Task submitter] DEBUG nextflow.processor.TaskRun - Unable to dump error of process 'run_method (frangieh/co_culture/gene+mimosca)' -- Cause: java.nio.file.NoSuchFileException: /Users/timbarry/research_offsite/work/1b/0bf04dc64b2fc23e22ce6a3398f936/.command.log
Nov-27 19:55:24.328 [Task submitter] ERROR nextflow.processor.TaskProcessor - Error executing process > 'run_method (frangieh/co_culture/gene+mimosca)'

Caused by:
  Process requirement exceed available memory -- req: 35 GB; avail: 16 GB

Command executed:

  run_method.R frangieh/co_culture/gene NO-SITE-707,ONE-NON-GENE-SITE-2 mimosca assignment 0 null n_rep=50

Command exit status:
  -

Command output:
  (empty)

Work dir:
  /Users/timbarry/research_offsite/work/1b/0bf04dc64b2fc23e22ce6a3398f936

Tip: when you have fixed the problem you can continue the execution adding the option `-resume` to the run command line
Nov-27 19:55:24.334 [Task submitter] DEBUG nextflow.Session - Session aborted -- Cause: Process requirement exceed available memory -- req: 35 GB; avail: 16 GB
Nov-27 19:55:24.360 [Task submitter] DEBUG nextflow.Session - The following nodes are still active:
[process] run_method
  status=ACTIVE
  port 0: (queue) OPEN  ; channel: -
  port 1: (value) bound ; channel: pair_restriction_fp
  port 2: (cntrl) -     ; channel: $

[process] combine_results
  status=ACTIVE
  port 0: (value) OPEN  ; channel: raw_result
  port 1: (cntrl) -     ; channel: $

Nov-27 19:55:24.363 [main] DEBUG nextflow.Session - Session await > all process finished
Nov-27 19:55:24.363 [main] DEBUG nextflow.Session - Session await > all barriers passed
Nov-27 19:55:24.374 [main] WARN  n.processor.TaskPollingMonitor - Killing running tasks (1)
Nov-27 19:55:24.398 [main] DEBUG nextflow.trace.WorkflowStatsObserver - Workflow completed > WorkflowStats[succeededCount=1; failedCount=1; ignoredCount=0; cachedCount=0; pendingCount=37; submittedCount=1; runningCount=-2; retriesCount=0; abortedCount=1; succeedDuration=5s; failedDuration=0ms; cachedDuration=0ms;loadCpus=-2; loadMemory=0; peakRunning=1; peakCpus=1; peakMemory=2 GB; ]
Nov-27 19:55:24.398 [main] DEBUG nextflow.trace.TraceFileObserver - Flow completing -- flushing trace file
Nov-27 19:55:24.573 [main] DEBUG nextflow.cache.CacheDB - Closing CacheDB done
Nov-27 19:55:24.600 [main] DEBUG nextflow.script.ScriptRunner - > Execution complete -- Goodbye
